<?xml version="1.0" encoding="UTF-8"?>
<!-- Generated by org.testng.reporters.JUnitReportReporter -->
<testsuite hostname="LAPTOP-6I4S50BU" failures="0" tests="1" name="testngassertion.a1" time="12.396" errors="0" timestamp="2023-08-09T13:27:14 IST" skipped="0">
  <testcase classname="testngassertion.a1" name="hd" time="12.396"/>
</testsuite> <!-- testngassertion.a1 -->
