<?xml version="1.0" encoding="UTF-8"?>
<!-- Generated by org.testng.reporters.JUnitReportReporter -->
<testsuite hostname="LAPTOP-6I4S50BU" failures="0" tests="8" name="testngdependency.real" time="36.293" errors="0" timestamp="2023-08-04T20:47:07 IST" skipped="0">
  <testcase classname="testngdependency.real" name="visiting" time="7.842"/>
  <testcase classname="testngdependency.real" name="max" time="0.153"/>
  <testcase classname="testngdependency.real" name="refresh" time="0.033"/>
  <testcase classname="testngdependency.real" name="refresh" time="1.461"/>
  <testcase classname="testngdependency.real" name="refresh" time="1.886"/>
  <testcase classname="testngdependency.real" name="refresh" time="0.015"/>
  <testcase classname="testngdependency.real" name="clicking" time="21.616"/>
  <testcase classname="testngdependency.real" name="closing" time="3.287"/>
</testsuite> <!-- testngdependency.real -->
