<?xml version="1.0" encoding="UTF-8"?>
<!-- Generated by org.testng.reporters.JUnitReportReporter -->
<testsuite hostname="LAPTOP-6I4S50BU" failures="0" tests="2" name="testngannotation.a1" time="10.328" errors="0" timestamp="2023-08-07T20:47:31 IST" skipped="0">
  <testcase classname="testngannotation.a1" name="tc1" time="3.656"/>
  <testcase classname="testngannotation.a1" name="tc2" time="6.672"/>
</testsuite> <!-- testngannotation.a1 -->
