<?xml version="1.0" encoding="UTF-8"?>
<!-- Generated by org.testng.reporters.JUnitReportReporter -->
<testsuite hostname="LAPTOP-6I4S50BU" failures="0" tests="1" name="autoit.a1" time="37.864" errors="0" timestamp="2023-08-17T10:57:21 IST" skipped="0">
  <testcase classname="autoit.a1" name="t1" time="37.864"/>
</testsuite> <!-- autoit.a1 -->
