<?xml version="1.0" encoding="UTF-8"?>
<!-- Generated by org.testng.reporters.JUnitReportReporter -->
<testsuite hostname="LAPTOP-6I4S50BU" failures="0" tests="3" name="testngattributes.t1" time="0.020" errors="0" timestamp="2023-08-03T20:22:00 IST" skipped="0">
  <testcase classname="testngattributes.t1" name="m1" time="0.013"/>
  <testcase classname="testngattributes.t1" name="m2" time="0.004"/>
  <testcase classname="testngattributes.t1" name="ab" time="0.003"/>
</testsuite> <!-- testngattributes.t1 -->
